<?xml version="1.0" encoding="UTF-8"?>
<!-- Generated by org.testng.reporters.JUnitReportReporter -->
<testsuite skipped="0" hostname="BLR-B88TFW2-10L" name="com.macys.run.MySampleSerenityStories" tests="1" failures="0" timestamp="09 May 2022 05:20:05 GMT" time="22.598" errors="0">
  <testcase name="run" time="22.598" classname="com.macys.run.MySampleSerenityStories"/>
</testsuite> <!-- com.macys.run.MySampleSerenityStories -->
