<?xml version="1.0" encoding="UTF-8"?>
<!-- Generated by org.testng.reporters.JUnitReportReporter -->
<testsuite skipped="0" hostname="MACYW57SLPC0143" name="com.macys.run.MySampleSerenityStories" tests="1" failures="0" timestamp="21 Oct 2019 02:37:07 GMT" time="76.364" errors="0">
  <testcase name="run" time="76.364" classname="com.macys.run.MySampleSerenityStories"/>
</testsuite> <!-- com.macys.run.MySampleSerenityStories -->
